=== Job starting on eu-lo-g3-050 at Wed Aug 13 13:58:21 CEST 2025 ===
Activated Python venv: /cluster/home/iyakushevsky/euler_env/bin/python
Wed Aug 13 13:58:23 2025       
+-----------------------------------------------------------------------------------------+
| NVIDIA-SMI 570.172.08             Driver Version: 570.172.08     CUDA Version: 12.8     |
|-----------------------------------------+------------------------+----------------------+
| GPU  Name                 Persistence-M | Bus-Id          Disp.A | Volatile Uncorr. ECC |
| Fan  Temp   Perf          Pwr:Usage/Cap |           Memory-Usage | GPU-Util  Compute M. |
|                                         |                        |               MIG M. |
|=========================================+========================+======================|
|   0  Quadro RTX 6000                On  |   00000000:41:00.0 Off |                  Off |
| 33%   29C    P8             16W /  260W |       1MiB /  24576MiB |      0%      Default |
|                                         |                        |                  N/A |
+-----------------------------------------+------------------------+----------------------+
                                                                                         
+-----------------------------------------------------------------------------------------+
| Processes:                                                                              |
|  GPU   GI   CI              PID   Type   Process name                        GPU Memory |
|        ID   ID                                                               Usage      |
|=========================================================================================|
|  No running processes found                                                             |
+-----------------------------------------------------------------------------------------+
CUDA available: True
Torch version: 2.8.0+cu128
CUDA version in Torch: 12.8
GPU Name: Quadro RTX 6000
Loading images from: /cluster/work/igp_psr/iyakushevsky/GFMdistill/data/FBP01/Image__8bit_NirRGB/*.tif
Loading images from: /cluster/work/igp_psr/iyakushevsky/GFMdistill/data/FBP01/Image__8bit_NirRGB/*.tif
[1;34mwandb[0m: 
[1;34mwandb[0m: 🚀 View run [33m20250813_140057_remoteclip_seg_upernet_fivebillionpixels_230839[0m at: [34mhttps://wandb.ai/ilyay/geofm-bench/runs/t52hf84w[0m
[1;34mwandb[0m: Find logs at: [1;35mwandb/run-20250813_140058-t52hf84w/logs[0m
=== Job finished at Wed Aug 13 14:01:29 CEST 2025 ===
