
Modules based on Lua: Version 8.7.24  2023-05-04 15:12 -05:00
    by Robert McLay mclay@tacc.utexas.edu

module [options] sub-command [args ...]

Help sub-commands:
------------------
  help                              prints this message
  help                module [...]  print help message from module(s)

Loading/Unloading sub-commands:
-------------------------------
  load | add          module [...]  load module(s)
  try-load | try-add  module [...]  Add module(s), do not complain if not
                                    found
  del | unload        module [...]  Remove module(s), do not complain if not
                                    found
  swap | sw | switch  m1 m2         unload m1 and load m2
  purge                             unload all modules
  refresh                           reload aliases from current list of
                                    modules.
  update                            reload all currently loaded modules.

Listing / Searching sub-commands:
---------------------------------
  list                              List loaded modules
  list                s1 s2 ...     List loaded modules that match the
                                    pattern
  avail | av                        List available modules
  avail | av          string        List available modules that contain
                                    "string".
  category | cat                    List all categories
  category | cat      s1 s2 ...     List all categories that match the
                                    pattern and display their modules
  overview | ov                     List all available modules by short
                                    names with number of versions
  overview | ov       string        List available modules by short names
                                    with number of versions that contain
                                    "string"
  spider                            List all possible modules
  spider              module        List all possible version of that module
                                    file
  spider              string        List all module that contain the
                                    "string".
  spider              name/version  Detailed information about that version
                                    of the module.
  whatis              module        Print whatis information about module
  keyword | key       string        Search all name and whatis that contain
                                    "string".

Searching with Lmod:
--------------------
  All searching (spider, list, avail, keyword) support regular expressions:
  

  -r spider           '^p'          Finds all the modules that start with
                                    `p' or `P'
  -r spider           mpi           Finds all modules that have "mpi" in
                                    their name.
  -r spider           'mpi$         Finds all modules that end with "mpi" in
                                    their name.

Handling a collection of modules:
--------------------------------
  save | s                          Save the current list of modules to a
                                    user defined "default" collection.
  save | s            name          Save the current list of modules to
                                    "name" collection.
  reset                             The same as "restore system"
  restore | r                       Restore modules from the user's
                                    "default" or system default.
  restore | r         name          Restore modules from "name" collection.
  restore             system        Restore module state to system defaults.
  savelist                          List of saved collections.
  describe | mcc      name          Describe the contents of a module
                                    collection.
  disable             name          Disable (i.e. remove) a collection.

Deprecated commands:
--------------------
  getdefault          [name]        load name collection of modules or
                                    user's "default" if no name given.
                                    ===> Use "restore" instead <====
  setdefault          [name]        Save current list of modules to name if
                                    given, otherwise save as the default
                                    list for you the user.
                                    ===> Use "save" instead. <====

Miscellaneous sub-commands:
---------------------------
  is-loaded           modulefile    return a true status if module is loaded
  is-avail            modulefile    return a true status if module can be
                                    loaded
  show                modulefile    show the commands in the module file.
  use [-a]            path          Prepend or Append path to MODULEPATH.
  unuse               path          remove path from MODULEPATH.
  tablelist                         output list of active modules as a lua
                                    table.

Important Environment Variables:
--------------------------------
  LMOD_COLORIZE                     If defined to be "YES" then Lmod prints
                                    properties and warning in color.

    --------------------------------------------------------------------------

Lmod Web Sites

  Documentation:    https://lmod.readthedocs.org
  GitHub:           https://github.com/TACC/Lmod
  SourceForge:      https://lmod.sf.net
  TACC Homepage:    https://www.tacc.utexas.edu/research-development/tacc-projects/lmod

  To report a bug please read https://lmod.readthedocs.io/en/latest/075_bug_reporting.html
    --------------------------------------------------------------------------


wandb: Currently logged in as: ilyay to https://api.wandb.ai. Use `wandb login --relogin` to force relogin
wandb: Tracking run with wandb version 0.21.1
wandb: Run data is saved locally in /cluster/work/igp_psr/iyakushevsky/GFMdistill/wandb/run-20250813_181935-l6qc9xkg
wandb: Run `wandb offline` to turn off syncing.
wandb: Syncing run 20250813_181935_remoteclip_seg_upernet_fivebillionpixels_30d0a4
wandb: â­ï¸ View project at https://wandb.ai/ilyay/geofm-bench
wandb: ðŸš€ View run at https://wandb.ai/ilyay/geofm-bench/runs/l6qc9xkg
INFO - 08/13/25 18:19:38 - 0:00:00 - ============ Initialized logger ============
INFO - 08/13/25 18:19:38 - 0:00:00 - 'batch_size': 4,
                                      'ckpt_dir': None,
                                      'criterion': {'_target_': 'torch.nn.CrossEntropyLoss',
                                                    'ignore_index': '${dataset.ignore_index}'},
                                      'data_replicate': 1,
                                      'dataset': {'_target_': 'data_loaders.fbp.FiveBillionPixels',
                                                  'auto_download': False,
                                                  'bands': {'optical': ['B4', 'B3', 'B2']},
                                                  'classes': ['unlabeled', 'industrial area', 'paddy field',
                                                              'irrigated field', 'dry cropland', 'garden land',
                                                              'arbor forest', 'shrub forest', 'park',
                                                              'natural meadow', 'artificial meadow', 'river',
                                                              'urban residential', 'lake', 'pond', 'fish pond',
                                                              'snow', 'bareland', 'rural residential', 'stadium',
                                                              'square', 'road', 'overpass', 'railway station',
                                                              'airport'],
                                                  'data_max': {'optical': [0.0, 0.0, 0.0, 0.0]},
                                                  'data_mean': {'optical': [124.3, 94.2, 98.0]},
                                                  'data_min': {'optical': [0.0, 0.0, 0.0, 0.0]},
                                                  'data_std': {'optical': [51.0, 50.0, 47.1]},
                                                  'dataset_name': 'FiveBillionPixels',
                                                  'distribution': [0.0, 0.0368, 0.0253, 0.3567, 0.0752, 0.0095,
                                                                   0.0694, 0.0096, 0.0004, 0.0055, 0.0025, 0.0568,
                                                                   0.0548, 0.1396, 0.0102, 0.0129, 0.0004, 0.0456,
                                                                   0.0447, 0.0003, 0.0002, 0.0383, 0.0025, 0.0007,
                                                                   0.0011],
                                                  'download_url': False,
                                                  'ignore_index': 0,
                                                  'img_size': 224,
                                                  'multi_modal': False,
                                                  'multi_temporal': False,
                                                  'num_classes': 25,
                                                  'root_path': '/cluster/work/igp_psr/iyakushevsky/GFMdistill/data/FBP_full/',
                                                  'use_cmyk': False},
                                      'decoder': {'_target_': 'decoders.upernet.SegUPerNet',
                                                  'channels': 256,
                                                  'encoder': None,
                                                  'finetune': '${finetune}',
                                                  'num_classes': '${dataset.num_classes}'},
                                      'encoder': {'_target_': 'encoders.remoteclip_encoder.RemoteCLIP_Encoder',
                                                  'download_url': 'https://huggingface.co/chendelong/RemoteCLIP/resolve/main/RemoteCLIP-ViT-B-32.pt',
                                                  'embed_dim': 768,
                                                  'encoder_weights': './pretrained_models/RemoteCLIP-ViT-B-32.pt',
                                                  'head_width': 64,
                                                  'input_bands': {'optical': ['B4', 'B3', 'B2']},
                                                  'input_size': 224,
                                                  'layers': 12,
                                                  'mlp_ratio': 4.0,
                                                  'output_dim': 768,
                                                  'output_layers': [3, 5, 7, 11],
                                                  'patch_size': 32,
                                                  'width': 768},
                                      'finetune': False,
                                      'limited_label_strategy': 'stratified',
                                      'limited_label_train': 1,
                                      'limited_label_val': 1,
                                      'lr_scheduler': {'_target_': 'utils.schedulers.MultiStepLR',
                                                       'lr_milestones': [0.6, 0.9],
                                                       'optimizer': None,
                                                       'total_iters': None},
                                      'num_workers': 4,
                                      'optimizer': {'_target_': 'torch.optim.AdamW',
                                                    'betas': [0.9, 0.999],
                                                    'lr': 0.00014,
                                                    'params': None,
                                                    'weight_decay': 0.05},
                                      'preprocessing': {'test': {'_target_': 'engine.data_preprocessor.Preprocessor',
                                                                 'preprocessor_cfg': [{'_target_': 'engine.data_preprocessor.BandFilter'},
                                                                                      {'_target_': 'engine.data_preprocessor.NormalizeMeanStd'},
                                                                                      {'_target_': 'engine.data_preprocessor.BandPadding'}]},
                                                        'train': {'_target_': 'engine.data_preprocessor.Preprocessor',
                                                                  'preprocessor_cfg': [{'_target_': 'engine.data_preprocessor.RandomCropToEncoder'},
                                                                                       {'_target_': 'engine.data_preprocessor.BandFilter'},
                                                                                       {'_target_': 'engine.data_preprocessor.NormalizeMeanStd'},
                                                                                       {'_target_': 'engine.data_preprocessor.BandPadding'}]},
                                                        'val': {'_target_': 'engine.data_preprocessor.Preprocessor',
                                                                'preprocessor_cfg': [{'_target_': 'engine.data_preprocessor.BandFilter'},
                                                                                     {'_target_': 'engine.data_preprocessor.NormalizeMeanStd'},
                                                                                     {'_target_': 'engine.data_preprocessor.BandPadding'}]}},
                                      'seed': 234,
                                      'stratification_bins': 3,
                                      'task': {'evaluator': {'_target_': 'engine.evaluator.SegEvaluator',
                                                             'device': None,
                                                             'exp_dir': None,
                                                             'inference_mode': 'whole',
                                                             'sliding_inference_batch': 2,
                                                             'use_wandb': '${use_wandb}',
                                                             'val_loader': None},
                                               'trainer': {'_target_': 'engine.trainer.SegTrainer',
                                                           'best_metric_key': 'mIoU',
                                                           'ckpt_interval': 20,
                                                           'criterion': None,
                                                           'device': None,
                                                           'eval_interval': 5,
                                                           'evaluator': None,
                                                           'exp_dir': None,
                                                           'log_interval': 5,
                                                           'lr_scheduler': None,
                                                           'model': None,
                                                           'n_epochs': 80,
                                                           'optimizer': None,
                                                           'precision': 'fp16',
                                                           'train_loader': None,
                                                           'use_wandb': '${use_wandb}'}},
                                      'test_batch_size': 1,
                                      'test_num_workers': 4,
                                      'train': True,
                                      'use_final_ckpt': False,
                                      'use_wandb': True,
                                      'wandb_run_id': 'l6qc9xkg',
                                      'work_dir': ''
INFO - 08/13/25 18:19:38 - 0:00:00 - The experiment is stored in logs/20250813_181935_remoteclip_seg_upernet_fivebillionpixels_30d0a4
                                     
INFO - 08/13/25 18:19:38 - 0:00:00 - Device used: cuda:0
INFO - 08/13/25 18:19:41 - 0:00:03 - Built remoteclip_encoder.
INFO - 08/13/25 18:19:41 - 0:00:03 - Built UPerNet for with RemoteCLIP_Encoder encoder.
INFO - 08/13/25 18:19:41 - 0:00:03 - Model Trainable Parameters: 16.731M
Evaluating epoch 0 on val set:   0%|          | 0/8 [00:00<?, ?it/s]WARNING - 08/13/25 18:19:41 - 0:00:03 - Could not calculate GMACs due to an error: Tried to trace <__torch__.torch.classes.c10d.ProcessGroup object at 0x26259c90> but it is not part of the active trace. Modules that are called during a trace must be registered as submodules of the thing being traced.
INFO - 08/13/25 18:19:42 - 0:00:03 - Built FiveBillionPixels dataset.
INFO - 08/13/25 18:19:42 - 0:00:03 - Total number of train patches: 135
                                     Total number of validation patches: 15
                                     
Evaluating epoch 0 on val set:   0%|          | 0/8 [00:00<?, ?it/s]Evaluating epoch 0 on val set:  12%|â–ˆâ–Ž        | 1/8 [00:10<01:16, 10.95s/it]Evaluating epoch 0 on val set:  12%|â–ˆâ–Ž        | 1/8 [00:16<01:54, 16.30s/it]Evaluating epoch 0 on val set:  25%|â–ˆâ–ˆâ–Œ       | 2/8 [00:16<00:40,  6.79s/it]Evaluating epoch 0 on val set:  38%|â–ˆâ–ˆâ–ˆâ–Š      | 3/8 [00:16<00:18,  3.75s/it]Evaluating epoch 0 on val set:  50%|â–ˆâ–ˆâ–ˆâ–ˆâ–ˆ     | 4/8 [00:16<00:09,  2.32s/it]Evaluating epoch 0 on val set:  25%|â–ˆâ–ˆâ–Œ       | 2/8 [00:16<00:46,  7.79s/it]Evaluating epoch 0 on val set:  38%|â–ˆâ–ˆâ–ˆâ–Š      | 3/8 [00:16<00:21,  4.30s/it]Evaluating epoch 0 on val set:  50%|â–ˆâ–ˆâ–ˆâ–ˆâ–ˆ     | 4/8 [00:16<00:10,  2.66s/it]Evaluating epoch 0 on val set:  62%|â–ˆâ–ˆâ–ˆâ–ˆâ–ˆâ–ˆâ–Ž   | 5/8 [00:18<00:06,  2.17s/it]Evaluating epoch 0 on val set:  62%|â–ˆâ–ˆâ–ˆâ–ˆâ–ˆâ–ˆâ–Ž   | 5/8 [00:18<00:06,  2.19s/it]Evaluating epoch 0 on val set:  75%|â–ˆâ–ˆâ–ˆâ–ˆâ–ˆâ–ˆâ–ˆâ–Œ  | 6/8 [00:18<00:03,  1.55s/it]Evaluating epoch 0 on val set:  88%|â–ˆâ–ˆâ–ˆâ–ˆâ–ˆâ–ˆâ–ˆâ–ˆâ–Š | 7/8 [00:19<00:01,  1.09s/it]Evaluating epoch 0 on val set: 100%|â–ˆâ–ˆâ–ˆâ–ˆâ–ˆâ–ˆâ–ˆâ–ˆâ–ˆâ–ˆ| 8/8 [00:19<00:00,  1.28it/s]Evaluating epoch 0 on val set:  75%|â–ˆâ–ˆâ–ˆâ–ˆâ–ˆâ–ˆâ–ˆâ–Œ  | 6/8 [00:19<00:03,  1.75s/it]Evaluating epoch 0 on val set: 100%|â–ˆâ–ˆâ–ˆâ–ˆâ–ˆâ–ˆâ–ˆâ–ˆâ–ˆâ–ˆ| 8/8 [00:19<00:00,  2.41s/it]
Evaluating epoch 0 on val set:  88%|â–ˆâ–ˆâ–ˆâ–ˆâ–ˆâ–ˆâ–ˆâ–ˆâ–Š | 7/8 [00:19<00:01,  1.23s/it]Evaluating epoch 0 on val set: 100%|â–ˆâ–ˆâ–ˆâ–ˆâ–ˆâ–ˆâ–ˆâ–ˆâ–ˆâ–ˆ| 8/8 [00:19<00:00,  1.14it/s]Evaluating epoch 0 on val set: 100%|â–ˆâ–ˆâ–ˆâ–ˆâ–ˆâ–ˆâ–ˆâ–ˆâ–ˆâ–ˆ| 8/8 [00:19<00:00,  2.42s/it]
INFO - 08/13/25 18:20:01 - 0:00:23 - [val] ------- IoU --------
                                     industrial area  	  0.000
                                     paddy field      	  6.304
                                     irrigated field  	  0.000
                                     dry cropland     	  0.000
                                     garden land      	  1.079
                                     arbor forest     	  2.933
                                     shrub forest     	  0.050
                                     park             	  0.004
                                     natural meadow   	  0.000
                                     artificial meadow	  0.000
                                     river            	  0.000
                                     urban residential	  0.261
                                     lake             	  0.000
                                     pond             	  0.000
                                     fish pond        	  0.000
                                     snow             	  0.000
                                     bareland         	  0.367
                                     rural residential	  0.323
                                     stadium          	  0.000
                                     square           	  0.000
                                     road             	  0.000
                                     overpass         	  0.000
                                     railway station  	  0.000
                                     airport          	  0.000
                                     [val]-------------------
                                     [val] Mean       	  0.472
INFO - 08/13/25 18:20:01 - 0:00:23 - [val] ------- F1-score --------
                                     industrial area  	  0.000
                                     paddy field      	 11.860
                                     irrigated field  	  0.000
                                     dry cropland     	  0.000
                                     garden land      	  2.136
                                     arbor forest     	  5.698
                                     shrub forest     	  0.101
                                     park             	  0.007
                                     natural meadow   	  0.000
                                     artificial meadow	  0.000
                                     river            	  0.000
                                     urban residential	  0.520
                                     lake             	  0.000
                                     pond             	  0.000
                                     fish pond        	  0.000
                                     snow             	  0.000
                                     bareland         	  0.732
                                     rural residential	  0.643
                                     stadium          	  0.000
                                     square           	  0.000
                                     road             	  0.000
                                     overpass         	  0.000
                                     railway station  	  0.000
                                     airport          	  0.000
                                     [val]-------------------
                                     [val] Mean       	  0.904
INFO - 08/13/25 18:20:01 - 0:00:23 - [val] ------- Precision --------
                                     industrial area  	  0.000
                                     paddy field      	 51.236
                                     irrigated field  	  0.000
                                     dry cropland     	  0.000
                                     garden land      	  1.970
                                     arbor forest     	  3.850
                                     shrub forest     	  0.082
                                     park             	  0.726
                                     natural meadow   	  0.000
                                     artificial meadow	  0.000
                                     river            	  0.000
                                     urban residential	  0.284
                                     lake             	  0.000
                                     pond             	  0.000
                                     fish pond        	  0.000
                                     snow             	  0.000
                                     bareland         	 16.442
                                     rural residential	  0.336
                                     stadium          	  0.000
                                     square           	  0.000
                                     road             	  0.000
                                     overpass         	  0.000
                                     railway station  	  0.000
                                     airport          	  0.000
                                     [val]-------------------
                                     [val] Mean       	  3.122
INFO - 08/13/25 18:20:01 - 0:00:23 - [val] ------- Recall --------
                                     industrial area  	  0.000
                                     paddy field      	  6.706
                                     irrigated field  	  0.000
                                     dry cropland     	  0.000
                                     garden land      	  2.331
                                     arbor forest     	 10.962
                                     shrub forest     	  0.132
                                     park             	  0.004
                                     natural meadow   	  0.000
                                     artificial meadow	  0.000
                                     river            	  0.000
                                     urban residential	  3.144
                                     lake             	  0.000
                                     pond             	  0.000
                                     fish pond        	  0.000
                                     snow             	  0.000
                                     bareland         	  0.374
                                     rural residential	  7.400
                                     stadium          	  0.000
                                     square           	  0.000
                                     road             	  0.000
                                     overpass         	  0.000
                                     railway station  	  0.000
                                     airport          	  0.000
                                     [val]-------------------
                                     [val] Mean       	  1.294
INFO - 08/13/25 18:20:01 - 0:00:23 - Mean Accuracy: 4.695 
                                     
/cluster/home/iyakushevsky/euler_env/lib/python3.11/site-packages/torch/distributed/distributed_c10d.py:4807: UserWarning: No device id is provided via `init_process_group` or `barrier `. Using the current device set by the user. 
  warnings.warn(  # warn only once
INFO - 08/13/25 18:20:01 - 0:00:23 - Epoch 0 | Training checkpoint saved at logs/20250813_181935_remoteclip_seg_upernet_fivebillionpixels_30d0a4/checkpoint__best.pth
/cluster/home/iyakushevsky/euler_env/lib/python3.11/site-packages/torch/distributed/distributed_c10d.py:4807: UserWarning: No device id is provided via `init_process_group` or `barrier `. Using the current device set by the user. 
  warnings.warn(  # warn only once
INFO - 08/13/25 18:20:01 - 0:00:23 - ============ Starting epoch 0 ... ============
wandb: WARNING Tried to log to step 0 that is less than the current step 1. Steps must be monotonically increasing, so this data will be ignored. See https://wandb.me/define-metric to log data out of order.
INFO - 08/13/25 18:20:57 - 0:01:19 - Epoch [0-5/17]	ETA [02h51m26s|00h01m28s]	Time [7.363|10.769]	Loss 2.8674 (2.5536)	lr 1.400e-04
                                      Training metrics: Acc  47.687 ( 45.179)	mAcc  15.805 ( 23.568)	mIoU   5.402 (  5.688)
INFO - 08/13/25 18:21:25 - 0:01:47 - Epoch [0-10/17]	ETA [03h35m00s|00h01m05s]	Time [9.326|8.051]	Loss 2.9643 (2.4533)	lr 1.400e-04
                                      Training metrics: Acc  10.264 ( 42.283)	mAcc   7.633 ( 25.442)	mIoU   2.759 (  8.400)
INFO - 08/13/25 18:21:54 - 0:02:16 - Epoch [0-15/17]	ETA [03h05m02s|00h00m16s]	Time [8.024|7.188]	Loss 2.8516 (2.3511)	lr 1.400e-04
                                      Training metrics: Acc  14.570 ( 42.258)	mAcc  20.346 ( 25.443)	mIoU   4.427 (  9.012)
INFO - 08/13/25 18:22:23 - 0:02:45 - ============ Starting epoch 1 ... ============
