=== Job starting on eu-g3-072 at Wed Aug 13 18:08:49 CEST 2025 ===
Activated Python venv: /cluster/home/iyakushevsky/euler_env/bin/python
Wed Aug 13 18:08:49 2025       
+-----------------------------------------------------------------------------------------+
| NVIDIA-SMI 570.172.08             Driver Version: 570.172.08     CUDA Version: 12.8     |
|-----------------------------------------+------------------------+----------------------+
| GPU  Name                 Persistence-M | Bus-Id          Disp.A | Volatile Uncorr. ECC |
| Fan  Temp   Perf          Pwr:Usage/Cap |           Memory-Usage | GPU-Util  Compute M. |
|                                         |                        |               MIG M. |
|=========================================+========================+======================|
|   0  NVIDIA TITAN RTX               On  |   00000000:21:00.0 Off |                  N/A |
| 41%   30C    P8             10W /  280W |       1MiB /  24576MiB |      0%      Default |
|                                         |                        |                  N/A |
+-----------------------------------------+------------------------+----------------------+
|   1  NVIDIA TITAN RTX               On  |   00000000:41:00.0 Off |                  N/A |
| 41%   31C    P8             15W /  280W |       1MiB /  24576MiB |      0%      Default |
|                                         |                        |                  N/A |
+-----------------------------------------+------------------------+----------------------+
                                                                                         
+-----------------------------------------------------------------------------------------+
| Processes:                                                                              |
|  GPU   GI   CI              PID   Type   Process name                        GPU Memory |
|        ID   ID                                                               Usage      |
|=========================================================================================|
|  No running processes found                                                             |
+-----------------------------------------------------------------------------------------+
CUDA available: True
Torch version: 2.8.0+cu128
CUDA version in Torch: 12.8
GPU Name: NVIDIA TITAN RTX
Loading images from: /cluster/work/igp_psr/iyakushevsky/GFMdistill/data/FBP_full/Image__8bit_NirRGB/*.tif
Loading images from: /cluster/work/igp_psr/iyakushevsky/GFMdistill/data/FBP_full/Image__8bit_NirRGB/*.tif
Loading images from: /cluster/work/igp_psr/iyakushevsky/GFMdistill/data/FBP_full/Image__8bit_NirRGB/*.tif
Loading images from: /cluster/work/igp_psr/iyakushevsky/GFMdistill/data/FBP_full/Image__8bit_NirRGB/*.tif
[1;34mwandb[0m: 
[1;34mwandb[0m: 🚀 View run [33m20250813_180903_remoteclip_seg_upernet_fivebillionpixels_804ddc[0m at: [34mhttps://wandb.ai/ilyay/geofm-bench/runs/tw1ei277[0m
[1;34mwandb[0m: Find logs at: [1;35mwandb/run-20250813_180903-tw1ei277/logs[0m
=== Job finished at Wed Aug 13 18:10:27 CEST 2025 ===
